2025-02-19 11:45:29,717 - INFO - Starting RSI Trading System with $1,000,000 Portfolio...
2025-02-19 11:45:48,869 - INFO - Successfully fetched 503 S&P 500 tickers
2025-02-19 11:45:48,869 - INFO - Screening 503 stocks with 10 workers...
2025-02-19 11:45:49,623 - ERROR - Error processing AOS: The truth value of a Series is ambiguous. Use a.empty, a.bool(), a.item(), a.any() or a.all().
2025-02-19 11:45:49,634 - ERROR - Error processing ADBE: The truth value of a Series is ambiguous. Use a.empty, a.bool(), a.item(), a.any() or a.all().
2025-02-19 11:45:49,649 - ERROR - Error processing AMD: The truth value of a Series is ambiguous. Use a.empty, a.bool(), a.item(), a.any() or a.all().
2025-02-19 11:45:49,667 - ERROR - Error processing AFL: The truth value of a Series is ambiguous. Use a.empty, a.bool(), a.item(), a.any() or a.all().
2025-02-19 11:45:49,667 - ERROR - Error processing APD: The truth value of a Series is ambiguous. Use a.empty, a.bool(), a.item(), a.any() or a.all().
2025-02-19 11:45:49,671 - ERROR - Error processing ABBV: The truth value of a Series is ambiguous. Use a.empty, a.bool(), a.item(), a.any() or a.all().
2025-02-19 11:45:49,673 - ERROR - Error processing MMM: The truth value of a Series is ambiguous. Use a.empty, a.bool(), a.item(), a.any() or a.all().
2025-02-19 11:45:49,677 - ERROR - Error processing AES: The truth value of a Series is ambiguous. Use a.empty, a.bool(), a.item(), a.any() or a.all().
2025-02-19 11:45:49,696 - ERROR - Error processing ABT: The truth value of a Series is ambiguous. Use a.empty, a.bool(), a.item(), a.any() or a.all().
2025-02-19 11:45:49,737 - ERROR - Error processing AKAM: The truth value of a Series is ambiguous. Use a.empty, a.bool(), a.item(), a.any() or a.all().
2025-02-19 11:45:49,760 - ERROR - Error processing ALB: The truth value of a Series is ambiguous. Use a.empty, a.bool(), a.item(), a.any() or a.all().
2025-02-19 11:45:49,771 - ERROR - Error processing ABNB: The truth value of a Series is ambiguous. Use a.empty, a.bool(), a.item(), a.any() or a.all().
2025-02-19 11:45:49,776 - ERROR - Error processing A: The truth value of a Series is ambiguous. Use a.empty, a.bool(), a.item(), a.any() or a.all().
2025-02-19 11:45:49,833 - ERROR - Error processing GOOGL: The truth value of a Series is ambiguous. Use a.empty, a.bool(), a.item(), a.any() or a.all().
2025-02-19 11:45:49,920 - ERROR - Error processing ACN: The truth value of a Series is ambiguous. Use a.empty, a.bool(), a.item(), a.any() or a.all().
2025-02-19 11:45:49,932 - ERROR - Error processing GOOG: The truth value of a Series is ambiguous. Use a.empty, a.bool(), a.item(), a.any() or a.all().
2025-02-19 11:45:49,940 - ERROR - Error processing MO: The truth value of a Series is ambiguous. Use a.empty, a.bool(), a.item(), a.any() or a.all().
2025-02-19 11:45:49,940 - ERROR - Error processing AMCR: The truth value of a Series is ambiguous. Use a.empty, a.bool(), a.item(), a.any() or a.all().
2025-02-19 11:45:49,950 - ERROR - Error processing ARE: The truth value of a Series is ambiguous. Use a.empty, a.bool(), a.item(), a.any() or a.all().
2025-02-19 11:45:49,950 - ERROR - Error processing AMZN: The truth value of a Series is ambiguous. Use a.empty, a.bool(), a.item(), a.any() or a.all().
2025-02-19 11:45:49,950 - ERROR - Error processing ALGN: The truth value of a Series is ambiguous. Use a.empty, a.bool(), a.item(), a.any() or a.all().
2025-02-19 11:45:49,950 - ERROR - Error processing ALLE: The truth value of a Series is ambiguous. Use a.empty, a.bool(), a.item(), a.any() or a.all().
2025-02-19 11:45:49,971 - ERROR - Error processing LNT: The truth value of a Series is ambiguous. Use a.empty, a.bool(), a.item(), a.any() or a.all().
2025-02-19 11:45:49,987 - ERROR - Error processing ALL: The truth value of a Series is ambiguous. Use a.empty, a.bool(), a.item(), a.any() or a.all().
2025-02-19 11:45:50,002 - ERROR - Error processing AEP: The truth value of a Series is ambiguous. Use a.empty, a.bool(), a.item(), a.any() or a.all().
2025-02-19 11:45:50,016 - ERROR - Error processing AXP: The truth value of a Series is ambiguous. Use a.empty, a.bool(), a.item(), a.any() or a.all().
2025-02-19 11:45:50,030 - ERROR - Error processing AEE: The truth value of a Series is ambiguous. Use a.empty, a.bool(), a.item(), a.any() or a.all().
2025-02-19 11:45:50,074 - ERROR - Error processing AIG: The truth value of a Series is ambiguous. Use a.empty, a.bool(), a.item(), a.any() or a.all().
2025-02-19 11:45:50,124 - ERROR - Error processing AMT: The truth value of a Series is ambiguous. Use a.empty, a.bool(), a.item(), a.any() or a.all().
2025-02-19 11:45:50,156 - ERROR - Error processing AWK: The truth value of a Series is ambiguous. Use a.empty, a.bool(), a.item(), a.any() or a.all().
2025-02-19 11:45:50,208 - ERROR - Error processing APH: The truth value of a Series is ambiguous. Use a.empty, a.bool(), a.item(), a.any() or a.all().
2025-02-19 11:45:50,232 - ERROR - Error processing ADI: The truth value of a Series is ambiguous. Use a.empty, a.bool(), a.item(), a.any() or a.all().
2025-02-19 11:45:50,232 - ERROR - Error processing AMP: The truth value of a Series is ambiguous. Use a.empty, a.bool(), a.item(), a.any() or a.all().
2025-02-19 11:45:50,235 - ERROR - Error processing AMGN: The truth value of a Series is ambiguous. Use a.empty, a.bool(), a.item(), a.any() or a.all().
2025-02-19 11:45:50,285 - WARNING - Connection pool is full, discarding connection: query2.finance.yahoo.com. Connection pool size: 9
2025-02-19 11:45:50,301 - ERROR - Error processing ANSS: The truth value of a Series is ambiguous. Use a.empty, a.bool(), a.item(), a.any() or a.all().
2025-02-19 11:45:50,333 - ERROR - Error processing AON: The truth value of a Series is ambiguous. Use a.empty, a.bool(), a.item(), a.any() or a.all().
2025-02-19 11:45:50,365 - ERROR - Error processing APA: The truth value of a Series is ambiguous. Use a.empty, a.bool(), a.item(), a.any() or a.all().
2025-02-19 11:45:50,381 - ERROR - Error processing AME: The truth value of a Series is ambiguous. Use a.empty, a.bool(), a.item(), a.any() or a.all().
2025-02-19 11:45:50,395 - ERROR - Error processing AMAT: The truth value of a Series is ambiguous. Use a.empty, a.bool(), a.item(), a.any() or a.all().
2025-02-19 11:45:50,413 - ERROR - Error processing AAPL: The truth value of a Series is ambiguous. Use a.empty, a.bool(), a.item(), a.any() or a.all().
2025-02-19 11:45:50,413 - ERROR - Error processing APO: The truth value of a Series is ambiguous. Use a.empty, a.bool(), a.item(), a.any() or a.all().
2025-02-19 11:45:50,413 - ERROR - Error processing APTV: The truth value of a Series is ambiguous. Use a.empty, a.bool(), a.item(), a.any() or a.all().
2025-02-19 11:45:50,428 - ERROR - Error processing ADM: The truth value of a Series is ambiguous. Use a.empty, a.bool(), a.item(), a.any() or a.all().
2025-02-19 11:45:50,460 - ERROR - Error processing ACGL: The truth value of a Series is ambiguous. Use a.empty, a.bool(), a.item(), a.any() or a.all().
2025-02-19 11:45:50,471 - ERROR - Error processing AJG: The truth value of a Series is ambiguous. Use a.empty, a.bool(), a.item(), a.any() or a.all().
2025-02-19 11:45:50,493 - ERROR - Error processing AIZ: The truth value of a Series is ambiguous. Use a.empty, a.bool(), a.item(), a.any() or a.all().
2025-02-19 11:45:50,540 - ERROR - Error processing ADSK: The truth value of a Series is ambiguous. Use a.empty, a.bool(), a.item(), a.any() or a.all().
2025-02-19 11:45:50,540 - ERROR - Error processing T: The truth value of a Series is ambiguous. Use a.empty, a.bool(), a.item(), a.any() or a.all().
2025-02-19 11:45:50,556 - ERROR - Error processing ATO: The truth value of a Series is ambiguous. Use a.empty, a.bool(), a.item(), a.any() or a.all().
2025-02-19 11:45:50,564 - ERROR - Error processing ANET: The truth value of a Series is ambiguous. Use a.empty, a.bool(), a.item(), a.any() or a.all().
2025-02-19 11:45:50,572 - ERROR - Error processing AZO: The truth value of a Series is ambiguous. Use a.empty, a.bool(), a.item(), a.any() or a.all().
2025-02-19 11:45:50,626 - ERROR - Error processing AVY: The truth value of a Series is ambiguous. Use a.empty, a.bool(), a.item(), a.any() or a.all().
2025-02-19 11:45:50,626 - ERROR - Error processing BKR: The truth value of a Series is ambiguous. Use a.empty, a.bool(), a.item(), a.any() or a.all().
2025-02-19 11:45:50,705 - ERROR - Error processing BRK-B: The truth value of a Series is ambiguous. Use a.empty, a.bool(), a.item(), a.any() or a.all().
2025-02-19 11:45:50,716 - ERROR - Error processing BDX: The truth value of a Series is ambiguous. Use a.empty, a.bool(), a.item(), a.any() or a.all().
2025-02-19 11:45:50,716 - ERROR - Error processing BALL: The truth value of a Series is ambiguous. Use a.empty, a.bool(), a.item(), a.any() or a.all().
2025-02-19 11:45:50,725 - ERROR - Error processing AXON: The truth value of a Series is ambiguous. Use a.empty, a.bool(), a.item(), a.any() or a.all().
2025-02-19 11:45:50,732 - ERROR - Error processing ADP: The truth value of a Series is ambiguous. Use a.empty, a.bool(), a.item(), a.any() or a.all().
2025-02-19 11:45:50,763 - ERROR - Error processing BAC: The truth value of a Series is ambiguous. Use a.empty, a.bool(), a.item(), a.any() or a.all().
2025-02-19 11:45:50,779 - ERROR - Error processing TECH: The truth value of a Series is ambiguous. Use a.empty, a.bool(), a.item(), a.any() or a.all().
2025-02-19 11:45:50,785 - ERROR - Error processing BBY: The truth value of a Series is ambiguous. Use a.empty, a.bool(), a.item(), a.any() or a.all().
2025-02-19 11:45:50,794 - ERROR - Error processing BX: The truth value of a Series is ambiguous. Use a.empty, a.bool(), a.item(), a.any() or a.all().
2025-02-19 11:45:50,795 - ERROR - Error processing BIIB: The truth value of a Series is ambiguous. Use a.empty, a.bool(), a.item(), a.any() or a.all().
2025-02-19 11:45:50,807 - ERROR - Error processing AVB: The truth value of a Series is ambiguous. Use a.empty, a.bool(), a.item(), a.any() or a.all().
2025-02-19 11:45:50,813 - ERROR - Error processing BLK: The truth value of a Series is ambiguous. Use a.empty, a.bool(), a.item(), a.any() or a.all().
2025-02-19 11:45:50,820 - ERROR - Error processing BAX: The truth value of a Series is ambiguous. Use a.empty, a.bool(), a.item(), a.any() or a.all().
2025-02-19 11:45:50,820 - ERROR - Error processing BK: The truth value of a Series is ambiguous. Use a.empty, a.bool(), a.item(), a.any() or a.all().
2025-02-19 11:45:50,875 - ERROR - Error processing BSX: The truth value of a Series is ambiguous. Use a.empty, a.bool(), a.item(), a.any() or a.all().
2025-02-19 11:45:50,897 - ERROR - Error processing BWA: The truth value of a Series is ambiguous. Use a.empty, a.bool(), a.item(), a.any() or a.all().
2025-02-19 11:45:50,906 - ERROR - Error processing BA: The truth value of a Series is ambiguous. Use a.empty, a.bool(), a.item(), a.any() or a.all().
2025-02-19 11:45:51,017 - ERROR - Error processing BXP: The truth value of a Series is ambiguous. Use a.empty, a.bool(), a.item(), a.any() or a.all().
2025-02-19 11:45:51,017 - ERROR - Error processing AVGO: The truth value of a Series is ambiguous. Use a.empty, a.bool(), a.item(), a.any() or a.all().
2025-02-19 11:45:51,017 - ERROR - Error processing BLDR: The truth value of a Series is ambiguous. Use a.empty, a.bool(), a.item(), a.any() or a.all().
2025-02-19 11:45:51,033 - ERROR - Error processing BKNG: The truth value of a Series is ambiguous. Use a.empty, a.bool(), a.item(), a.any() or a.all().
2025-02-19 11:45:51,054 - ERROR - Error processing CHRW: The truth value of a Series is ambiguous. Use a.empty, a.bool(), a.item(), a.any() or a.all().
2025-02-19 11:45:51,054 - ERROR - Error processing BRO: The truth value of a Series is ambiguous. Use a.empty, a.bool(), a.item(), a.any() or a.all().
2025-02-19 11:45:51,054 - ERROR - Error processing BF-B: The truth value of a Series is ambiguous. Use a.empty, a.bool(), a.item(), a.any() or a.all().
2025-02-19 11:45:51,054 - ERROR - Error processing BG: The truth value of a Series is ambiguous. Use a.empty, a.bool(), a.item(), a.any() or a.all().
2025-02-19 11:45:51,073 - ERROR - Error processing BMY: The truth value of a Series is ambiguous. Use a.empty, a.bool(), a.item(), a.any() or a.all().
2025-02-19 11:45:51,073 - ERROR - Error processing BR: The truth value of a Series is ambiguous. Use a.empty, a.bool(), a.item(), a.any() or a.all().
2025-02-19 11:45:51,186 - ERROR - Error processing CZR: The truth value of a Series is ambiguous. Use a.empty, a.bool(), a.item(), a.any() or a.all().
2025-02-19 11:45:51,193 - ERROR - Error processing CDNS: The truth value of a Series is ambiguous. Use a.empty, a.bool(), a.item(), a.any() or a.all().
2025-02-19 11:45:51,209 - ERROR - Error processing CPT: The truth value of a Series is ambiguous. Use a.empty, a.bool(), a.item(), a.any() or a.all().
2025-02-19 11:45:51,241 - ERROR - Error processing CPB: The truth value of a Series is ambiguous. Use a.empty, a.bool(), a.item(), a.any() or a.all().
2025-02-19 11:45:51,241 - ERROR - Error processing CAH: The truth value of a Series is ambiguous. Use a.empty, a.bool(), a.item(), a.any() or a.all().
2025-02-19 11:45:51,283 - ERROR - Error processing CARR: The truth value of a Series is ambiguous. Use a.empty, a.bool(), a.item(), a.any() or a.all().
2025-02-19 11:45:51,289 - ERROR - Error processing CCL: The truth value of a Series is ambiguous. Use a.empty, a.bool(), a.item(), a.any() or a.all().
2025-02-19 11:45:51,322 - ERROR - Error processing KMX: The truth value of a Series is ambiguous. Use a.empty, a.bool(), a.item(), a.any() or a.all().
2025-02-19 11:45:51,336 - ERROR - Error processing CBRE: The truth value of a Series is ambiguous. Use a.empty, a.bool(), a.item(), a.any() or a.all().
2025-02-19 11:45:51,336 - ERROR - Error processing COR: The truth value of a Series is ambiguous. Use a.empty, a.bool(), a.item(), a.any() or a.all().
2025-02-19 11:45:51,341 - ERROR - Error processing CAT: The truth value of a Series is ambiguous. Use a.empty, a.bool(), a.item(), a.any() or a.all().
2025-02-19 11:45:51,373 - ERROR - Error processing SCHW: The truth value of a Series is ambiguous. Use a.empty, a.bool(), a.item(), a.any() or a.all().
2025-02-19 11:45:51,384 - ERROR - Error processing CRL: The truth value of a Series is ambiguous. Use a.empty, a.bool(), a.item(), a.any() or a.all().
2025-02-19 11:45:51,384 - ERROR - Error processing CNP: The truth value of a Series is ambiguous. Use a.empty, a.bool(), a.item(), a.any() or a.all().
2025-02-19 11:45:51,384 - ERROR - Error processing CBOE: The truth value of a Series is ambiguous. Use a.empty, a.bool(), a.item(), a.any() or a.all().
2025-02-19 11:45:51,417 - ERROR - Error processing CHTR: The truth value of a Series is ambiguous. Use a.empty, a.bool(), a.item(), a.any() or a.all().
2025-02-19 11:45:51,435 - ERROR - Error processing CNC: The truth value of a Series is ambiguous. Use a.empty, a.bool(), a.item(), a.any() or a.all().
2025-02-19 11:45:51,435 - ERROR - Error processing COF: The truth value of a Series is ambiguous. Use a.empty, a.bool(), a.item(), a.any() or a.all().
2025-02-19 11:45:51,486 - ERROR - Error processing CE: The truth value of a Series is ambiguous. Use a.empty, a.bool(), a.item(), a.any() or a.all().
2025-02-19 11:45:51,500 - ERROR - Error processing CB: The truth value of a Series is ambiguous. Use a.empty, a.bool(), a.item(), a.any() or a.all().
2025-02-19 11:45:51,510 - ERROR - Error processing CVX: The truth value of a Series is ambiguous. Use a.empty, a.bool(), a.item(), a.any() or a.all().
2025-02-19 11:45:51,512 - ERROR - Error processing CMG: The truth value of a Series is ambiguous. Use a.empty, a.bool(), a.item(), a.any() or a.all().
2025-02-19 11:45:51,512 - ERROR - Error processing CF: The truth value of a Series is ambiguous. Use a.empty, a.bool(), a.item(), a.any() or a.all().
2025-02-19 11:45:51,528 - ERROR - Error processing CDW: The truth value of a Series is ambiguous. Use a.empty, a.bool(), a.item(), a.any() or a.all().
2025-02-19 11:45:51,531 - ERROR - Error processing CHD: The truth value of a Series is ambiguous. Use a.empty, a.bool(), a.item(), a.any() or a.all().
2025-02-19 11:45:51,578 - ERROR - Error processing CINF: The truth value of a Series is ambiguous. Use a.empty, a.bool(), a.item(), a.any() or a.all().
2025-02-19 11:45:51,589 - ERROR - Error processing CTAS: The truth value of a Series is ambiguous. Use a.empty, a.bool(), a.item(), a.any() or a.all().
2025-02-19 11:45:51,608 - ERROR - Error processing CFG: The truth value of a Series is ambiguous. Use a.empty, a.bool(), a.item(), a.any() or a.all().
2025-02-19 11:45:51,640 - ERROR - Error processing C: The truth value of a Series is ambiguous. Use a.empty, a.bool(), a.item(), a.any() or a.all().
2025-02-19 11:45:51,656 - ERROR - Error processing CI: The truth value of a Series is ambiguous. Use a.empty, a.bool(), a.item(), a.any() or a.all().
2025-02-19 11:45:51,656 - ERROR - Error processing CSCO: The truth value of a Series is ambiguous. Use a.empty, a.bool(), a.item(), a.any() or a.all().
2025-02-19 11:45:51,742 - ERROR - Error processing CLX: The truth value of a Series is ambiguous. Use a.empty, a.bool(), a.item(), a.any() or a.all().
2025-02-19 11:45:51,749 - ERROR - Error processing CMS: The truth value of a Series is ambiguous. Use a.empty, a.bool(), a.item(), a.any() or a.all().
2025-02-19 11:45:51,761 - ERROR - Error processing KO: The truth value of a Series is ambiguous. Use a.empty, a.bool(), a.item(), a.any() or a.all().
2025-02-19 11:45:51,775 - ERROR - Error processing CME: The truth value of a Series is ambiguous. Use a.empty, a.bool(), a.item(), a.any() or a.all().
2025-02-19 11:45:51,777 - ERROR - Error processing CTSH: The truth value of a Series is ambiguous. Use a.empty, a.bool(), a.item(), a.any() or a.all().
2025-02-19 11:45:51,812 - ERROR - Error processing ED: The truth value of a Series is ambiguous. Use a.empty, a.bool(), a.item(), a.any() or a.all().
2025-02-19 11:45:51,824 - ERROR - Error processing CEG: The truth value of a Series is ambiguous. Use a.empty, a.bool(), a.item(), a.any() or a.all().
2025-02-19 11:45:51,824 - ERROR - Error processing CAG: The truth value of a Series is ambiguous. Use a.empty, a.bool(), a.item(), a.any() or a.all().
2025-02-19 11:45:51,824 - ERROR - Error processing CL: The truth value of a Series is ambiguous. Use a.empty, a.bool(), a.item(), a.any() or a.all().
2025-02-19 11:45:51,838 - ERROR - Error processing CPRT: The truth value of a Series is ambiguous. Use a.empty, a.bool(), a.item(), a.any() or a.all().
2025-02-19 11:45:51,838 - ERROR - Error processing COP: The truth value of a Series is ambiguous. Use a.empty, a.bool(), a.item(), a.any() or a.all().
2025-02-19 11:45:51,870 - ERROR - Error processing COO: The truth value of a Series is ambiguous. Use a.empty, a.bool(), a.item(), a.any() or a.all().
2025-02-19 11:45:51,875 - ERROR - Error processing STZ: The truth value of a Series is ambiguous. Use a.empty, a.bool(), a.item(), a.any() or a.all().
2025-02-19 11:45:51,887 - ERROR - Error processing CMCSA: The truth value of a Series is ambiguous. Use a.empty, a.bool(), a.item(), a.any() or a.all().
2025-02-19 11:45:51,943 - ERROR - Error processing CTVA: The truth value of a Series is ambiguous. Use a.empty, a.bool(), a.item(), a.any() or a.all().
2025-02-19 11:45:51,943 - ERROR - Error processing CPAY: The truth value of a Series is ambiguous. Use a.empty, a.bool(), a.item(), a.any() or a.all().
2025-02-19 11:45:51,976 - ERROR - Error processing GLW: The truth value of a Series is ambiguous. Use a.empty, a.bool(), a.item(), a.any() or a.all().
2025-02-19 11:45:52,018 - ERROR - Error processing COST: The truth value of a Series is ambiguous. Use a.empty, a.bool(), a.item(), a.any() or a.all().
2025-02-19 11:45:52,021 - ERROR - Error processing CTRA: The truth value of a Series is ambiguous. Use a.empty, a.bool(), a.item(), a.any() or a.all().
2025-02-19 11:45:52,138 - ERROR - Error processing CCI: The truth value of a Series is ambiguous. Use a.empty, a.bool(), a.item(), a.any() or a.all().
2025-02-19 11:45:52,145 - ERROR - Error processing CRWD: The truth value of a Series is ambiguous. Use a.empty, a.bool(), a.item(), a.any() or a.all().
2025-02-19 11:45:52,173 - ERROR - Error processing CSGP: The truth value of a Series is ambiguous. Use a.empty, a.bool(), a.item(), a.any() or a.all().
2025-02-19 11:45:52,291 - ERROR - Error processing DAY: The truth value of a Series is ambiguous. Use a.empty, a.bool(), a.item(), a.any() or a.all().
2025-02-19 11:45:52,300 - ERROR - Error processing DRI: The truth value of a Series is ambiguous. Use a.empty, a.bool(), a.item(), a.any() or a.all().
2025-02-19 11:45:52,300 - ERROR - Error processing CMI: The truth value of a Series is ambiguous. Use a.empty, a.bool(), a.item(), a.any() or a.all().
2025-02-19 11:45:52,303 - ERROR - Error processing CVS: The truth value of a Series is ambiguous. Use a.empty, a.bool(), a.item(), a.any() or a.all().
2025-02-19 11:45:52,313 - ERROR - Error processing DELL: The truth value of a Series is ambiguous. Use a.empty, a.bool(), a.item(), a.any() or a.all().
2025-02-19 11:45:52,323 - ERROR - Error processing DVA: The truth value of a Series is ambiguous. Use a.empty, a.bool(), a.item(), a.any() or a.all().
2025-02-19 11:45:52,328 - ERROR - Error processing CSX: The truth value of a Series is ambiguous. Use a.empty, a.bool(), a.item(), a.any() or a.all().
2025-02-19 11:45:52,328 - ERROR - Error processing DECK: The truth value of a Series is ambiguous. Use a.empty, a.bool(), a.item(), a.any() or a.all().
2025-02-19 11:45:52,328 - ERROR - Error processing DE: The truth value of a Series is ambiguous. Use a.empty, a.bool(), a.item(), a.any() or a.all().
2025-02-19 11:45:52,337 - ERROR - Error processing DHR: The truth value of a Series is ambiguous. Use a.empty, a.bool(), a.item(), a.any() or a.all().
2025-02-19 11:45:52,369 - ERROR - Error processing FANG: The truth value of a Series is ambiguous. Use a.empty, a.bool(), a.item(), a.any() or a.all().
2025-02-19 11:45:52,377 - ERROR - Error processing DXCM: The truth value of a Series is ambiguous. Use a.empty, a.bool(), a.item(), a.any() or a.all().
2025-02-19 11:45:52,383 - ERROR - Error processing DVN: The truth value of a Series is ambiguous. Use a.empty, a.bool(), a.item(), a.any() or a.all().
2025-02-19 11:45:52,391 - ERROR - Error processing DAL: The truth value of a Series is ambiguous. Use a.empty, a.bool(), a.item(), a.any() or a.all().
2025-02-19 11:45:52,525 - ERROR - Error processing DLTR: The truth value of a Series is ambiguous. Use a.empty, a.bool(), a.item(), a.any() or a.all().
2025-02-19 11:45:52,537 - ERROR - Error processing DPZ: The truth value of a Series is ambiguous. Use a.empty, a.bool(), a.item(), a.any() or a.all().
2025-02-19 11:45:52,546 - ERROR - Error processing DLR: The truth value of a Series is ambiguous. Use a.empty, a.bool(), a.item(), a.any() or a.all().
2025-02-19 11:45:52,570 - ERROR - Error processing DHI: The truth value of a Series is ambiguous. Use a.empty, a.bool(), a.item(), a.any() or a.all().
2025-02-19 11:45:52,573 - ERROR - Error processing DOV: The truth value of a Series is ambiguous. Use a.empty, a.bool(), a.item(), a.any() or a.all().
2025-02-19 11:45:52,576 - ERROR - Error processing DFS: The truth value of a Series is ambiguous. Use a.empty, a.bool(), a.item(), a.any() or a.all().
2025-02-19 11:45:52,585 - ERROR - Error processing DOW: The truth value of a Series is ambiguous. Use a.empty, a.bool(), a.item(), a.any() or a.all().
2025-02-19 11:45:52,590 - ERROR - Error processing DTE: The truth value of a Series is ambiguous. Use a.empty, a.bool(), a.item(), a.any() or a.all().
2025-02-19 11:45:52,619 - ERROR - Error processing DG: The truth value of a Series is ambiguous. Use a.empty, a.bool(), a.item(), a.any() or a.all().
2025-02-19 11:45:52,620 - ERROR - Error processing D: The truth value of a Series is ambiguous. Use a.empty, a.bool(), a.item(), a.any() or a.all().
2025-02-19 11:45:52,686 - ERROR - Error processing DD: The truth value of a Series is ambiguous. Use a.empty, a.bool(), a.item(), a.any() or a.all().
2025-02-19 11:45:52,694 - ERROR - Error processing EIX: The truth value of a Series is ambiguous. Use a.empty, a.bool(), a.item(), a.any() or a.all().
2025-02-19 11:45:52,702 - ERROR - Error processing DUK: The truth value of a Series is ambiguous. Use a.empty, a.bool(), a.item(), a.any() or a.all().
2025-02-19 11:45:52,708 - ERROR - Error processing ETN: The truth value of a Series is ambiguous. Use a.empty, a.bool(), a.item(), a.any() or a.all().
2025-02-19 11:45:52,709 - ERROR - Error processing ECL: The truth value of a Series is ambiguous. Use a.empty, a.bool(), a.item(), a.any() or a.all().
2025-02-19 11:45:52,716 - ERROR - Error processing EBAY: The truth value of a Series is ambiguous. Use a.empty, a.bool(), a.item(), a.any() or a.all().
2025-02-19 11:45:52,724 - ERROR - Error processing EMN: The truth value of a Series is ambiguous. Use a.empty, a.bool(), a.item(), a.any() or a.all().
2025-02-19 11:45:52,779 - ERROR - Error processing EW: The truth value of a Series is ambiguous. Use a.empty, a.bool(), a.item(), a.any() or a.all().
2025-02-19 11:45:52,791 - ERROR - Error processing EQT: The truth value of a Series is ambiguous. Use a.empty, a.bool(), a.item(), a.any() or a.all().
2025-02-19 11:45:52,794 - ERROR - Error processing ETR: The truth value of a Series is ambiguous. Use a.empty, a.bool(), a.item(), a.any() or a.all().
2025-02-19 11:45:52,797 - ERROR - Error processing EMR: The truth value of a Series is ambiguous. Use a.empty, a.bool(), a.item(), a.any() or a.all().
2025-02-19 11:45:52,804 - ERROR - Error processing EA: The truth value of a Series is ambiguous. Use a.empty, a.bool(), a.item(), a.any() or a.all().
2025-02-19 11:45:52,805 - ERROR - Error processing EPAM: The truth value of a Series is ambiguous. Use a.empty, a.bool(), a.item(), a.any() or a.all().
2025-02-19 11:45:52,812 - ERROR - Error processing ELV: The truth value of a Series is ambiguous. Use a.empty, a.bool(), a.item(), a.any() or a.all().
2025-02-19 11:45:52,828 - ERROR - Error processing EFX: The truth value of a Series is ambiguous. Use a.empty, a.bool(), a.item(), a.any() or a.all().
2025-02-19 11:45:52,894 - ERROR - Error processing ESS: The truth value of a Series is ambiguous. Use a.empty, a.bool(), a.item(), a.any() or a.all().
2025-02-19 11:45:52,902 - ERROR - Error processing EG: The truth value of a Series is ambiguous. Use a.empty, a.bool(), a.item(), a.any() or a.all().
2025-02-19 11:45:52,904 - ERROR - Error processing ERIE: The truth value of a Series is ambiguous. Use a.empty, a.bool(), a.item(), a.any() or a.all().
2025-02-19 11:45:52,904 - ERROR - Error processing ENPH: The truth value of a Series is ambiguous. Use a.empty, a.bool(), a.item(), a.any() or a.all().
2025-02-19 11:45:52,910 - ERROR - Error processing EQIX: The truth value of a Series is ambiguous. Use a.empty, a.bool(), a.item(), a.any() or a.all().
2025-02-19 11:45:52,910 - ERROR - Error processing EQR: The truth value of a Series is ambiguous. Use a.empty, a.bool(), a.item(), a.any() or a.all().
2025-02-19 11:45:52,910 - ERROR - Error processing EOG: The truth value of a Series is ambiguous. Use a.empty, a.bool(), a.item(), a.any() or a.all().
2025-02-19 11:45:52,983 - ERROR - Error processing ES: The truth value of a Series is ambiguous. Use a.empty, a.bool(), a.item(), a.any() or a.all().
2025-02-19 11:45:52,992 - ERROR - Error processing EXPD: The truth value of a Series is ambiguous. Use a.empty, a.bool(), a.item(), a.any() or a.all().
2025-02-19 11:45:53,000 - ERROR - Error processing FDS: The truth value of a Series is ambiguous. Use a.empty, a.bool(), a.item(), a.any() or a.all().
2025-02-19 11:45:53,000 - ERROR - Error processing EXPE: The truth value of a Series is ambiguous. Use a.empty, a.bool(), a.item(), a.any() or a.all().
2025-02-19 11:45:53,006 - ERROR - Error processing EL: The truth value of a Series is ambiguous. Use a.empty, a.bool(), a.item(), a.any() or a.all().
2025-02-19 11:45:53,006 - ERROR - Error processing EVRG: The truth value of a Series is ambiguous. Use a.empty, a.bool(), a.item(), a.any() or a.all().
2025-02-19 11:45:53,013 - ERROR - Error processing EXC: The truth value of a Series is ambiguous. Use a.empty, a.bool(), a.item(), a.any() or a.all().
2025-02-19 11:45:53,014 - ERROR - Error processing XOM: The truth value of a Series is ambiguous. Use a.empty, a.bool(), a.item(), a.any() or a.all().
2025-02-19 11:45:53,016 - ERROR - Error processing FFIV: The truth value of a Series is ambiguous. Use a.empty, a.bool(), a.item(), a.any() or a.all().
2025-02-19 11:45:53,021 - ERROR - Error processing EXR: The truth value of a Series is ambiguous. Use a.empty, a.bool(), a.item(), a.any() or a.all().
2025-02-19 11:45:53,065 - ERROR - Error processing FMC: The truth value of a Series is ambiguous. Use a.empty, a.bool(), a.item(), a.any() or a.all().
2025-02-19 11:45:53,069 - ERROR - Error processing FIS: The truth value of a Series is ambiguous. Use a.empty, a.bool(), a.item(), a.any() or a.all().
2025-02-19 11:45:53,111 - ERROR - Error processing FSLR: The truth value of a Series is ambiguous. Use a.empty, a.bool(), a.item(), a.any() or a.all().
2025-02-19 11:45:53,118 - ERROR - Error processing FRT: The truth value of a Series is ambiguous. Use a.empty, a.bool(), a.item(), a.any() or a.all().
2025-02-19 11:45:53,127 - ERROR - Error processing FI: The truth value of a Series is ambiguous. Use a.empty, a.bool(), a.item(), a.any() or a.all().
2025-02-19 11:45:53,127 - ERROR - Error processing FITB: The truth value of a Series is ambiguous. Use a.empty, a.bool(), a.item(), a.any() or a.all().
2025-02-19 11:45:53,132 - ERROR - Error processing FTNT: The truth value of a Series is ambiguous. Use a.empty, a.bool(), a.item(), a.any() or a.all().
2025-02-19 11:45:53,142 - ERROR - Error processing FAST: The truth value of a Series is ambiguous. Use a.empty, a.bool(), a.item(), a.any() or a.all().
2025-02-19 11:45:53,148 - ERROR - Error processing FDX: The truth value of a Series is ambiguous. Use a.empty, a.bool(), a.item(), a.any() or a.all().
2025-02-19 11:45:53,150 - ERROR - Error processing F: The truth value of a Series is ambiguous. Use a.empty, a.bool(), a.item(), a.any() or a.all().
2025-02-19 11:45:53,158 - ERROR - Error processing FE: The truth value of a Series is ambiguous. Use a.empty, a.bool(), a.item(), a.any() or a.all().
2025-02-19 11:45:53,185 - ERROR - Error processing FICO: The truth value of a Series is ambiguous. Use a.empty, a.bool(), a.item(), a.any() or a.all().
2025-02-19 11:45:53,329 - ERROR - Error processing FCX: The truth value of a Series is ambiguous. Use a.empty, a.bool(), a.item(), a.any() or a.all().
2025-02-19 11:45:53,334 - ERROR - Error processing GEV: The truth value of a Series is ambiguous. Use a.empty, a.bool(), a.item(), a.any() or a.all().
2025-02-19 11:45:53,343 - ERROR - Error processing IT: The truth value of a Series is ambiguous. Use a.empty, a.bool(), a.item(), a.any() or a.all().
2025-02-19 11:45:53,343 - ERROR - Error processing BEN: The truth value of a Series is ambiguous. Use a.empty, a.bool(), a.item(), a.any() or a.all().
2025-02-19 11:45:53,343 - ERROR - Error processing GEHC: The truth value of a Series is ambiguous. Use a.empty, a.bool(), a.item(), a.any() or a.all().
2025-02-19 11:45:53,350 - ERROR - Error processing GRMN: The truth value of a Series is ambiguous. Use a.empty, a.bool(), a.item(), a.any() or a.all().
2025-02-19 11:45:53,371 - ERROR - Error processing GM: The truth value of a Series is ambiguous. Use a.empty, a.bool(), a.item(), a.any() or a.all().
2025-02-19 11:45:53,432 - ERROR - Error processing FOX: The truth value of a Series is ambiguous. Use a.empty, a.bool(), a.item(), a.any() or a.all().
2025-02-19 11:45:53,437 - ERROR - Error processing GNRC: The truth value of a Series is ambiguous. Use a.empty, a.bool(), a.item(), a.any() or a.all().
2025-02-19 11:45:53,451 - ERROR - Error processing GILD: The truth value of a Series is ambiguous. Use a.empty, a.bool(), a.item(), a.any() or a.all().
2025-02-19 11:45:53,466 - ERROR - Error processing GPC: The truth value of a Series is ambiguous. Use a.empty, a.bool(), a.item(), a.any() or a.all().
2025-02-19 11:45:53,480 - ERROR - Error processing GE: The truth value of a Series is ambiguous. Use a.empty, a.bool(), a.item(), a.any() or a.all().
2025-02-19 11:45:53,481 - ERROR - Error processing FOXA: The truth value of a Series is ambiguous. Use a.empty, a.bool(), a.item(), a.any() or a.all().
2025-02-19 11:45:53,487 - ERROR - Error processing GD: The truth value of a Series is ambiguous. Use a.empty, a.bool(), a.item(), a.any() or a.all().
2025-02-19 11:45:53,491 - ERROR - Error processing GEN: The truth value of a Series is ambiguous. Use a.empty, a.bool(), a.item(), a.any() or a.all().
2025-02-19 11:45:53,495 - ERROR - Error processing FTV: The truth value of a Series is ambiguous. Use a.empty, a.bool(), a.item(), a.any() or a.all().
2025-02-19 11:45:53,505 - ERROR - Error processing GIS: The truth value of a Series is ambiguous. Use a.empty, a.bool(), a.item(), a.any() or a.all().
2025-02-19 11:45:53,533 - ERROR - Error processing GPN: The truth value of a Series is ambiguous. Use a.empty, a.bool(), a.item(), a.any() or a.all().
2025-02-19 11:45:53,541 - ERROR - Error processing GL: The truth value of a Series is ambiguous. Use a.empty, a.bool(), a.item(), a.any() or a.all().
2025-02-19 11:45:53,693 - ERROR - Error processing HES: The truth value of a Series is ambiguous. Use a.empty, a.bool(), a.item(), a.any() or a.all().
2025-02-19 11:45:53,696 - ERROR - Error processing GDDY: The truth value of a Series is ambiguous. Use a.empty, a.bool(), a.item(), a.any() or a.all().
2025-02-19 11:45:53,699 - ERROR - Error processing HAL: The truth value of a Series is ambiguous. Use a.empty, a.bool(), a.item(), a.any() or a.all().
2025-02-19 11:45:53,702 - ERROR - Error processing HCA: The truth value of a Series is ambiguous. Use a.empty, a.bool(), a.item(), a.any() or a.all().
2025-02-19 11:45:53,710 - ERROR - Error processing HSIC: The truth value of a Series is ambiguous. Use a.empty, a.bool(), a.item(), a.any() or a.all().
2025-02-19 11:45:53,720 - ERROR - Error processing HIG: The truth value of a Series is ambiguous. Use a.empty, a.bool(), a.item(), a.any() or a.all().
2025-02-19 11:45:53,720 - ERROR - Error processing HSY: The truth value of a Series is ambiguous. Use a.empty, a.bool(), a.item(), a.any() or a.all().
2025-02-19 11:45:53,724 - ERROR - Error processing HAS: The truth value of a Series is ambiguous. Use a.empty, a.bool(), a.item(), a.any() or a.all().
2025-02-19 11:45:53,724 - ERROR - Error processing GS: The truth value of a Series is ambiguous. Use a.empty, a.bool(), a.item(), a.any() or a.all().
2025-02-19 11:45:53,755 - ERROR - Error processing HWM: The truth value of a Series is ambiguous. Use a.empty, a.bool(), a.item(), a.any() or a.all().
2025-02-19 11:45:53,755 - ERROR - Error processing DOC: The truth value of a Series is ambiguous. Use a.empty, a.bool(), a.item(), a.any() or a.all().
2025-02-19 11:45:53,768 - ERROR - Error processing HST: The truth value of a Series is ambiguous. Use a.empty, a.bool(), a.item(), a.any() or a.all().
2025-02-19 11:45:53,768 - ERROR - Error processing HD: The truth value of a Series is ambiguous. Use a.empty, a.bool(), a.item(), a.any() or a.all().
2025-02-19 11:45:53,768 - ERROR - Error processing HRL: The truth value of a Series is ambiguous. Use a.empty, a.bool(), a.item(), a.any() or a.all().
2025-02-19 11:45:53,776 - ERROR - Error processing HPE: The truth value of a Series is ambiguous. Use a.empty, a.bool(), a.item(), a.any() or a.all().
2025-02-19 11:45:53,776 - ERROR - Error processing HON: The truth value of a Series is ambiguous. Use a.empty, a.bool(), a.item(), a.any() or a.all().
2025-02-19 11:45:53,778 - ERROR - Error processing HOLX: The truth value of a Series is ambiguous. Use a.empty, a.bool(), a.item(), a.any() or a.all().
2025-02-19 11:45:53,861 - ERROR - Error processing HBAN: The truth value of a Series is ambiguous. Use a.empty, a.bool(), a.item(), a.any() or a.all().
2025-02-19 11:45:53,866 - ERROR - Error processing HLT: The truth value of a Series is ambiguous. Use a.empty, a.bool(), a.item(), a.any() or a.all().
2025-02-19 11:45:53,871 - ERROR - Error processing HII: The truth value of a Series is ambiguous. Use a.empty, a.bool(), a.item(), a.any() or a.all().
2025-02-19 11:45:53,879 - ERROR - Error processing ITW: The truth value of a Series is ambiguous. Use a.empty, a.bool(), a.item(), a.any() or a.all().
2025-02-19 11:45:53,881 - ERROR - Error processing HUBB: The truth value of a Series is ambiguous. Use a.empty, a.bool(), a.item(), a.any() or a.all().
2025-02-19 11:45:53,885 - ERROR - Error processing HUM: The truth value of a Series is ambiguous. Use a.empty, a.bool(), a.item(), a.any() or a.all().
2025-02-19 11:45:53,888 - ERROR - Error processing HPQ: The truth value of a Series is ambiguous. Use a.empty, a.bool(), a.item(), a.any() or a.all().
2025-02-19 11:45:53,894 - ERROR - Error processing IEX: The truth value of a Series is ambiguous. Use a.empty, a.bool(), a.item(), a.any() or a.all().
2025-02-19 11:45:53,904 - ERROR - Error processing IDXX: The truth value of a Series is ambiguous. Use a.empty, a.bool(), a.item(), a.any() or a.all().
2025-02-19 11:45:53,966 - ERROR - Error processing PODD: The truth value of a Series is ambiguous. Use a.empty, a.bool(), a.item(), a.any() or a.all().
2025-02-19 11:45:53,988 - ERROR - Error processing IPG: The truth value of a Series is ambiguous. Use a.empty, a.bool(), a.item(), a.any() or a.all().
2025-02-19 11:45:54,233 - ERROR - Error processing INCY: The truth value of a Series is ambiguous. Use a.empty, a.bool(), a.item(), a.any() or a.all().
2025-02-19 11:45:54,237 - ERROR - Error processing INTC: The truth value of a Series is ambiguous. Use a.empty, a.bool(), a.item(), a.any() or a.all().
2025-02-19 11:45:54,239 - ERROR - Error processing IVZ: The truth value of a Series is ambiguous. Use a.empty, a.bool(), a.item(), a.any() or a.all().
2025-02-19 11:45:54,245 - ERROR - Error processing ICE: The truth value of a Series is ambiguous. Use a.empty, a.bool(), a.item(), a.any() or a.all().
2025-02-19 11:45:54,252 - ERROR - Error processing IBM: The truth value of a Series is ambiguous. Use a.empty, a.bool(), a.item(), a.any() or a.all().
2025-02-19 11:45:54,267 - ERROR - Error processing INTU: The truth value of a Series is ambiguous. Use a.empty, a.bool(), a.item(), a.any() or a.all().
2025-02-19 11:45:54,268 - ERROR - Error processing ISRG: The truth value of a Series is ambiguous. Use a.empty, a.bool(), a.item(), a.any() or a.all().
2025-02-19 11:45:54,272 - ERROR - Error processing IFF: The truth value of a Series is ambiguous. Use a.empty, a.bool(), a.item(), a.any() or a.all().
2025-02-19 11:45:54,275 - ERROR - Error processing IR: The truth value of a Series is ambiguous. Use a.empty, a.bool(), a.item(), a.any() or a.all().
2025-02-19 11:45:54,472 - ERROR - Error processing IP: The truth value of a Series is ambiguous. Use a.empty, a.bool(), a.item(), a.any() or a.all().
2025-02-19 11:45:54,479 - ERROR - Error processing JBHT: The truth value of a Series is ambiguous. Use a.empty, a.bool(), a.item(), a.any() or a.all().
2025-02-19 11:45:54,483 - ERROR - Error processing INVH: The truth value of a Series is ambiguous. Use a.empty, a.bool(), a.item(), a.any() or a.all().
2025-02-19 11:45:54,483 - ERROR - Error processing IRM: The truth value of a Series is ambiguous. Use a.empty, a.bool(), a.item(), a.any() or a.all().
2025-02-19 11:45:54,487 - ERROR - Error processing JCI: The truth value of a Series is ambiguous. Use a.empty, a.bool(), a.item(), a.any() or a.all().
2025-02-19 11:45:54,490 - ERROR - Error processing JNJ: The truth value of a Series is ambiguous. Use a.empty, a.bool(), a.item(), a.any() or a.all().
2025-02-19 11:45:54,491 - ERROR - Error processing JBL: The truth value of a Series is ambiguous. Use a.empty, a.bool(), a.item(), a.any() or a.all().
2025-02-19 11:45:54,495 - ERROR - Error processing JKHY: The truth value of a Series is ambiguous. Use a.empty, a.bool(), a.item(), a.any() or a.all().
2025-02-19 11:45:54,499 - ERROR - Error processing IQV: The truth value of a Series is ambiguous. Use a.empty, a.bool(), a.item(), a.any() or a.all().
2025-02-19 11:45:54,521 - ERROR - Error processing JNPR: The truth value of a Series is ambiguous. Use a.empty, a.bool(), a.item(), a.any() or a.all().
2025-02-19 11:45:54,527 - ERROR - Error processing JPM: The truth value of a Series is ambiguous. Use a.empty, a.bool(), a.item(), a.any() or a.all().
2025-02-19 11:45:54,562 - ERROR - Error processing KEY: The truth value of a Series is ambiguous. Use a.empty, a.bool(), a.item(), a.any() or a.all().
2025-02-19 11:45:54,713 - ERROR - Error processing KVUE: The truth value of a Series is ambiguous. Use a.empty, a.bool(), a.item(), a.any() or a.all().
2025-02-19 11:45:54,718 - ERROR - Error processing KMI: The truth value of a Series is ambiguous. Use a.empty, a.bool(), a.item(), a.any() or a.all().
2025-02-19 11:45:54,723 - ERROR - Error processing J: The truth value of a Series is ambiguous. Use a.empty, a.bool(), a.item(), a.any() or a.all().
2025-02-19 11:45:54,728 - ERROR - Error processing KEYS: The truth value of a Series is ambiguous. Use a.empty, a.bool(), a.item(), a.any() or a.all().
2025-02-19 11:45:54,731 - ERROR - Error processing KMB: The truth value of a Series is ambiguous. Use a.empty, a.bool(), a.item(), a.any() or a.all().
2025-02-19 11:45:54,735 - ERROR - Error processing K: The truth value of a Series is ambiguous. Use a.empty, a.bool(), a.item(), a.any() or a.all().
2025-02-19 11:45:54,739 - ERROR - Error processing KKR: The truth value of a Series is ambiguous. Use a.empty, a.bool(), a.item(), a.any() or a.all().
2025-02-19 11:45:54,742 - ERROR - Error processing KDP: The truth value of a Series is ambiguous. Use a.empty, a.bool(), a.item(), a.any() or a.all().
2025-02-19 11:45:54,743 - ERROR - Error processing KIM: The truth value of a Series is ambiguous. Use a.empty, a.bool(), a.item(), a.any() or a.all().
2025-02-19 11:45:54,794 - ERROR - Error processing KR: The truth value of a Series is ambiguous. Use a.empty, a.bool(), a.item(), a.any() or a.all().
2025-02-19 11:45:54,808 - ERROR - Error processing LEN: The truth value of a Series is ambiguous. Use a.empty, a.bool(), a.item(), a.any() or a.all().
2025-02-19 11:45:54,811 - ERROR - Error processing KHC: The truth value of a Series is ambiguous. Use a.empty, a.bool(), a.item(), a.any() or a.all().
2025-02-19 11:45:54,823 - ERROR - Error processing LHX: The truth value of a Series is ambiguous. Use a.empty, a.bool(), a.item(), a.any() or a.all().
2025-02-19 11:45:54,823 - ERROR - Error processing KLAC: The truth value of a Series is ambiguous. Use a.empty, a.bool(), a.item(), a.any() or a.all().
2025-02-19 11:45:54,830 - ERROR - Error processing LRCX: The truth value of a Series is ambiguous. Use a.empty, a.bool(), a.item(), a.any() or a.all().
2025-02-19 11:45:54,836 - ERROR - Error processing LH: The truth value of a Series is ambiguous. Use a.empty, a.bool(), a.item(), a.any() or a.all().
2025-02-19 11:45:54,837 - ERROR - Error processing LDOS: The truth value of a Series is ambiguous. Use a.empty, a.bool(), a.item(), a.any() or a.all().
2025-02-19 11:45:54,837 - ERROR - Error processing LVS: The truth value of a Series is ambiguous. Use a.empty, a.bool(), a.item(), a.any() or a.all().
2025-02-19 11:45:54,845 - ERROR - Error processing LW: The truth value of a Series is ambiguous. Use a.empty, a.bool(), a.item(), a.any() or a.all().
2025-02-19 11:45:55,115 - ERROR - Error processing LYV: The truth value of a Series is ambiguous. Use a.empty, a.bool(), a.item(), a.any() or a.all().
2025-02-19 11:45:55,128 - ERROR - Error processing LMT: The truth value of a Series is ambiguous. Use a.empty, a.bool(), a.item(), a.any() or a.all().
2025-02-19 11:45:55,130 - ERROR - Error processing LYB: The truth value of a Series is ambiguous. Use a.empty, a.bool(), a.item(), a.any() or a.all().
2025-02-19 11:45:55,130 - ERROR - Error processing LIN: The truth value of a Series is ambiguous. Use a.empty, a.bool(), a.item(), a.any() or a.all().
2025-02-19 11:45:55,137 - ERROR - Error processing L: The truth value of a Series is ambiguous. Use a.empty, a.bool(), a.item(), a.any() or a.all().
2025-02-19 11:45:55,139 - ERROR - Error processing LKQ: The truth value of a Series is ambiguous. Use a.empty, a.bool(), a.item(), a.any() or a.all().
2025-02-19 11:45:55,139 - ERROR - Error processing LULU: The truth value of a Series is ambiguous. Use a.empty, a.bool(), a.item(), a.any() or a.all().
2025-02-19 11:45:55,141 - ERROR - Error processing LLY: The truth value of a Series is ambiguous. Use a.empty, a.bool(), a.item(), a.any() or a.all().
2025-02-19 11:45:55,152 - ERROR - Error processing LOW: The truth value of a Series is ambiguous. Use a.empty, a.bool(), a.item(), a.any() or a.all().
2025-02-19 11:45:55,165 - ERROR - Error processing LII: The truth value of a Series is ambiguous. Use a.empty, a.bool(), a.item(), a.any() or a.all().
2025-02-19 11:45:55,384 - ERROR - Error processing MAR: The truth value of a Series is ambiguous. Use a.empty, a.bool(), a.item(), a.any() or a.all().
2025-02-19 11:45:55,394 - ERROR - Error processing MKTX: The truth value of a Series is ambiguous. Use a.empty, a.bool(), a.item(), a.any() or a.all().
2025-02-19 11:45:55,407 - ERROR - Error processing MTB: The truth value of a Series is ambiguous. Use a.empty, a.bool(), a.item(), a.any() or a.all().
2025-02-19 11:45:55,414 - ERROR - Error processing MTCH: The truth value of a Series is ambiguous. Use a.empty, a.bool(), a.item(), a.any() or a.all().
2025-02-19 11:45:55,414 - ERROR - Error processing MAS: The truth value of a Series is ambiguous. Use a.empty, a.bool(), a.item(), a.any() or a.all().
2025-02-19 11:45:55,420 - ERROR - Error processing MPC: The truth value of a Series is ambiguous. Use a.empty, a.bool(), a.item(), a.any() or a.all().
2025-02-19 11:45:55,426 - ERROR - Error processing MLM: The truth value of a Series is ambiguous. Use a.empty, a.bool(), a.item(), a.any() or a.all().
2025-02-19 11:45:55,427 - ERROR - Error processing MMC: The truth value of a Series is ambiguous. Use a.empty, a.bool(), a.item(), a.any() or a.all().
2025-02-19 11:45:55,429 - ERROR - Error processing MA: The truth value of a Series is ambiguous. Use a.empty, a.bool(), a.item(), a.any() or a.all().
2025-02-19 11:45:55,435 - ERROR - Error processing MKC: The truth value of a Series is ambiguous. Use a.empty, a.bool(), a.item(), a.any() or a.all().
2025-02-19 11:45:55,494 - ERROR - Error processing MCHP: The truth value of a Series is ambiguous. Use a.empty, a.bool(), a.item(), a.any() or a.all().
2025-02-19 11:45:55,502 - ERROR - Error processing MRK: The truth value of a Series is ambiguous. Use a.empty, a.bool(), a.item(), a.any() or a.all().
2025-02-19 11:45:55,508 - ERROR - Error processing MGM: The truth value of a Series is ambiguous. Use a.empty, a.bool(), a.item(), a.any() or a.all().
2025-02-19 11:45:55,509 - ERROR - Error processing MTD: The truth value of a Series is ambiguous. Use a.empty, a.bool(), a.item(), a.any() or a.all().
2025-02-19 11:45:55,509 - ERROR - Error processing MU: The truth value of a Series is ambiguous. Use a.empty, a.bool(), a.item(), a.any() or a.all().
2025-02-19 11:45:55,515 - ERROR - Error processing META: The truth value of a Series is ambiguous. Use a.empty, a.bool(), a.item(), a.any() or a.all().
2025-02-19 11:45:55,524 - ERROR - Error processing MCD: The truth value of a Series is ambiguous. Use a.empty, a.bool(), a.item(), a.any() or a.all().
2025-02-19 11:45:55,714 - ERROR - Error processing TAP: The truth value of a Series is ambiguous. Use a.empty, a.bool(), a.item(), a.any() or a.all().
2025-02-19 11:45:55,722 - ERROR - Error processing MRNA: The truth value of a Series is ambiguous. Use a.empty, a.bool(), a.item(), a.any() or a.all().
2025-02-19 11:45:55,724 - ERROR - Error processing MAA: The truth value of a Series is ambiguous. Use a.empty, a.bool(), a.item(), a.any() or a.all().
2025-02-19 11:45:55,726 - ERROR - Error processing MET: The truth value of a Series is ambiguous. Use a.empty, a.bool(), a.item(), a.any() or a.all().
2025-02-19 11:45:55,788 - ERROR - Error processing MOH: The truth value of a Series is ambiguous. Use a.empty, a.bool(), a.item(), a.any() or a.all().
2025-02-19 11:45:55,795 - ERROR - Error processing MDT: The truth value of a Series is ambiguous. Use a.empty, a.bool(), a.item(), a.any() or a.all().
2025-02-19 11:45:55,808 - ERROR - Error processing MNST: The truth value of a Series is ambiguous. Use a.empty, a.bool(), a.item(), a.any() or a.all().
2025-02-19 11:45:55,808 - ERROR - Error processing MPWR: The truth value of a Series is ambiguous. Use a.empty, a.bool(), a.item(), a.any() or a.all().
2025-02-19 11:45:55,814 - ERROR - Error processing MCO: The truth value of a Series is ambiguous. Use a.empty, a.bool(), a.item(), a.any() or a.all().
2025-02-19 11:45:55,815 - ERROR - Error processing MCK: The truth value of a Series is ambiguous. Use a.empty, a.bool(), a.item(), a.any() or a.all().
2025-02-19 11:45:55,821 - ERROR - Error processing MDLZ: The truth value of a Series is ambiguous. Use a.empty, a.bool(), a.item(), a.any() or a.all().
2025-02-19 11:45:55,822 - ERROR - Error processing MSFT: The truth value of a Series is ambiguous. Use a.empty, a.bool(), a.item(), a.any() or a.all().
2025-02-19 11:45:55,822 - ERROR - Error processing MS: The truth value of a Series is ambiguous. Use a.empty, a.bool(), a.item(), a.any() or a.all().
2025-02-19 11:45:55,822 - ERROR - Error processing MHK: The truth value of a Series is ambiguous. Use a.empty, a.bool(), a.item(), a.any() or a.all().
2025-02-19 11:45:55,932 - ERROR - Error processing NFLX: The truth value of a Series is ambiguous. Use a.empty, a.bool(), a.item(), a.any() or a.all().
2025-02-19 11:45:55,949 - ERROR - Error processing MOS: The truth value of a Series is ambiguous. Use a.empty, a.bool(), a.item(), a.any() or a.all().
2025-02-19 11:45:55,954 - ERROR - Error processing NTAP: The truth value of a Series is ambiguous. Use a.empty, a.bool(), a.item(), a.any() or a.all().
2025-02-19 11:45:55,961 - ERROR - Error processing MSI: The truth value of a Series is ambiguous. Use a.empty, a.bool(), a.item(), a.any() or a.all().
2025-02-19 11:45:55,975 - ERROR - Error processing MSCI: The truth value of a Series is ambiguous. Use a.empty, a.bool(), a.item(), a.any() or a.all().
2025-02-19 11:45:55,976 - ERROR - Error processing NEM: The truth value of a Series is ambiguous. Use a.empty, a.bool(), a.item(), a.any() or a.all().
2025-02-19 11:45:55,976 - ERROR - Error processing NEE: The truth value of a Series is ambiguous. Use a.empty, a.bool(), a.item(), a.any() or a.all().
2025-02-19 11:45:55,976 - ERROR - Error processing NWSA: The truth value of a Series is ambiguous. Use a.empty, a.bool(), a.item(), a.any() or a.all().
2025-02-19 11:45:55,982 - ERROR - Error processing NDAQ: The truth value of a Series is ambiguous. Use a.empty, a.bool(), a.item(), a.any() or a.all().
2025-02-19 11:45:56,259 - ERROR - Error processing NI: The truth value of a Series is ambiguous. Use a.empty, a.bool(), a.item(), a.any() or a.all().
2025-02-19 11:45:56,277 - ERROR - Error processing NOC: The truth value of a Series is ambiguous. Use a.empty, a.bool(), a.item(), a.any() or a.all().
2025-02-19 11:45:56,285 - ERROR - Error processing NUE: The truth value of a Series is ambiguous. Use a.empty, a.bool(), a.item(), a.any() or a.all().
2025-02-19 11:45:56,288 - ERROR - Error processing NKE: The truth value of a Series is ambiguous. Use a.empty, a.bool(), a.item(), a.any() or a.all().
2025-02-19 11:45:56,298 - ERROR - Error processing NCLH: The truth value of a Series is ambiguous. Use a.empty, a.bool(), a.item(), a.any() or a.all().
2025-02-19 11:45:56,298 - ERROR - Error processing NSC: The truth value of a Series is ambiguous. Use a.empty, a.bool(), a.item(), a.any() or a.all().
2025-02-19 11:45:56,298 - ERROR - Error processing NRG: The truth value of a Series is ambiguous. Use a.empty, a.bool(), a.item(), a.any() or a.all().
2025-02-19 11:45:56,305 - ERROR - Error processing NWS: The truth value of a Series is ambiguous. Use a.empty, a.bool(), a.item(), a.any() or a.all().
2025-02-19 11:45:56,307 - ERROR - Error processing NDSN: The truth value of a Series is ambiguous. Use a.empty, a.bool(), a.item(), a.any() or a.all().
2025-02-19 11:45:56,307 - ERROR - Error processing NTRS: The truth value of a Series is ambiguous. Use a.empty, a.bool(), a.item(), a.any() or a.all().
2025-02-19 11:45:56,449 - ERROR - Error processing OXY: The truth value of a Series is ambiguous. Use a.empty, a.bool(), a.item(), a.any() or a.all().
2025-02-19 11:45:56,450 - ERROR - Error processing NXPI: The truth value of a Series is ambiguous. Use a.empty, a.bool(), a.item(), a.any() or a.all().
2025-02-19 11:45:56,457 - ERROR - Error processing NVR: The truth value of a Series is ambiguous. Use a.empty, a.bool(), a.item(), a.any() or a.all().
2025-02-19 11:45:56,464 - ERROR - Error processing OMC: The truth value of a Series is ambiguous. Use a.empty, a.bool(), a.item(), a.any() or a.all().
2025-02-19 11:45:56,464 - ERROR - Error processing ODFL: The truth value of a Series is ambiguous. Use a.empty, a.bool(), a.item(), a.any() or a.all().
2025-02-19 11:45:56,470 - ERROR - Error processing OKE: The truth value of a Series is ambiguous. Use a.empty, a.bool(), a.item(), a.any() or a.all().
2025-02-19 11:45:56,471 - ERROR - Error processing ON: The truth value of a Series is ambiguous. Use a.empty, a.bool(), a.item(), a.any() or a.all().
2025-02-19 11:45:56,471 - ERROR - Error processing ORCL: The truth value of a Series is ambiguous. Use a.empty, a.bool(), a.item(), a.any() or a.all().
2025-02-19 11:45:56,589 - ERROR - Error processing PCAR: The truth value of a Series is ambiguous. Use a.empty, a.bool(), a.item(), a.any() or a.all().
2025-02-19 11:45:56,604 - ERROR - Error processing PKG: The truth value of a Series is ambiguous. Use a.empty, a.bool(), a.item(), a.any() or a.all().
2025-02-19 11:45:56,611 - ERROR - Error processing PH: The truth value of a Series is ambiguous. Use a.empty, a.bool(), a.item(), a.any() or a.all().
2025-02-19 11:45:56,611 - ERROR - Error processing NVDA: The truth value of a Series is ambiguous. Use a.empty, a.bool(), a.item(), a.any() or a.all().
2025-02-19 11:45:56,619 - ERROR - Error processing ORLY: The truth value of a Series is ambiguous. Use a.empty, a.bool(), a.item(), a.any() or a.all().
2025-02-19 11:45:56,619 - ERROR - Error processing PANW: The truth value of a Series is ambiguous. Use a.empty, a.bool(), a.item(), a.any() or a.all().
2025-02-19 11:45:56,619 - ERROR - Error processing PAYX: The truth value of a Series is ambiguous. Use a.empty, a.bool(), a.item(), a.any() or a.all().
2025-02-19 11:45:56,632 - ERROR - Error processing PLTR: The truth value of a Series is ambiguous. Use a.empty, a.bool(), a.item(), a.any() or a.all().
2025-02-19 11:45:56,635 - ERROR - Error processing PARA: The truth value of a Series is ambiguous. Use a.empty, a.bool(), a.item(), a.any() or a.all().
2025-02-19 11:45:56,636 - ERROR - Error processing OTIS: The truth value of a Series is ambiguous. Use a.empty, a.bool(), a.item(), a.any() or a.all().
2025-02-19 11:45:56,825 - ERROR - Error processing PAYC: The truth value of a Series is ambiguous. Use a.empty, a.bool(), a.item(), a.any() or a.all().
2025-02-19 11:45:56,862 - ERROR - Error processing PSX: The truth value of a Series is ambiguous. Use a.empty, a.bool(), a.item(), a.any() or a.all().
2025-02-19 11:45:56,886 - ERROR - Error processing PEP: The truth value of a Series is ambiguous. Use a.empty, a.bool(), a.item(), a.any() or a.all().
2025-02-19 11:45:56,888 - ERROR - Error processing PNC: The truth value of a Series is ambiguous. Use a.empty, a.bool(), a.item(), a.any() or a.all().
2025-02-19 11:45:56,890 - ERROR - Error processing PYPL: The truth value of a Series is ambiguous. Use a.empty, a.bool(), a.item(), a.any() or a.all().
2025-02-19 11:45:56,890 - ERROR - Error processing POOL: The truth value of a Series is ambiguous. Use a.empty, a.bool(), a.item(), a.any() or a.all().
2025-02-19 11:45:56,890 - ERROR - Error processing PFE: The truth value of a Series is ambiguous. Use a.empty, a.bool(), a.item(), a.any() or a.all().
2025-02-19 11:45:56,890 - ERROR - Error processing PNR: The truth value of a Series is ambiguous. Use a.empty, a.bool(), a.item(), a.any() or a.all().
2025-02-19 11:45:56,890 - ERROR - Error processing PCG: The truth value of a Series is ambiguous. Use a.empty, a.bool(), a.item(), a.any() or a.all().
2025-02-19 11:45:56,890 - ERROR - Error processing PM: The truth value of a Series is ambiguous. Use a.empty, a.bool(), a.item(), a.any() or a.all().
2025-02-19 11:45:56,890 - ERROR - Error processing PNW: The truth value of a Series is ambiguous. Use a.empty, a.bool(), a.item(), a.any() or a.all().
2025-02-19 11:45:57,076 - ERROR - Error processing PEG: The truth value of a Series is ambiguous. Use a.empty, a.bool(), a.item(), a.any() or a.all().
2025-02-19 11:45:57,094 - ERROR - Error processing PRU: The truth value of a Series is ambiguous. Use a.empty, a.bool(), a.item(), a.any() or a.all().
2025-02-19 11:45:57,101 - ERROR - Error processing PGR: The truth value of a Series is ambiguous. Use a.empty, a.bool(), a.item(), a.any() or a.all().
2025-02-19 11:45:57,105 - ERROR - Error processing PPG: The truth value of a Series is ambiguous. Use a.empty, a.bool(), a.item(), a.any() or a.all().
2025-02-19 11:45:57,238 - ERROR - Error processing PG: The truth value of a Series is ambiguous. Use a.empty, a.bool(), a.item(), a.any() or a.all().
2025-02-19 11:45:57,242 - ERROR - Error processing PPL: The truth value of a Series is ambiguous. Use a.empty, a.bool(), a.item(), a.any() or a.all().
2025-02-19 11:45:57,252 - ERROR - Error processing PHM: The truth value of a Series is ambiguous. Use a.empty, a.bool(), a.item(), a.any() or a.all().
2025-02-19 11:45:57,268 - ERROR - Error processing PTC: The truth value of a Series is ambiguous. Use a.empty, a.bool(), a.item(), a.any() or a.all().
2025-02-19 11:45:57,268 - ERROR - Error processing PLD: The truth value of a Series is ambiguous. Use a.empty, a.bool(), a.item(), a.any() or a.all().
2025-02-19 11:45:57,268 - ERROR - Error processing PSA: The truth value of a Series is ambiguous. Use a.empty, a.bool(), a.item(), a.any() or a.all().
2025-02-19 11:45:57,268 - ERROR - Error processing PFG: The truth value of a Series is ambiguous. Use a.empty, a.bool(), a.item(), a.any() or a.all().
2025-02-19 11:45:57,284 - ERROR - Error processing QCOM: The truth value of a Series is ambiguous. Use a.empty, a.bool(), a.item(), a.any() or a.all().
2025-02-19 11:45:57,286 - ERROR - Error processing DGX: The truth value of a Series is ambiguous. Use a.empty, a.bool(), a.item(), a.any() or a.all().
2025-02-19 11:45:57,286 - ERROR - Error processing PWR: The truth value of a Series is ambiguous. Use a.empty, a.bool(), a.item(), a.any() or a.all().
2025-02-19 11:45:57,433 - ERROR - Error processing RVTY: The truth value of a Series is ambiguous. Use a.empty, a.bool(), a.item(), a.any() or a.all().
2025-02-19 11:45:57,442 - ERROR - Error processing O: The truth value of a Series is ambiguous. Use a.empty, a.bool(), a.item(), a.any() or a.all().
2025-02-19 11:45:57,452 - ERROR - Error processing REG: The truth value of a Series is ambiguous. Use a.empty, a.bool(), a.item(), a.any() or a.all().
2025-02-19 11:45:57,458 - ERROR - Error processing REGN: The truth value of a Series is ambiguous. Use a.empty, a.bool(), a.item(), a.any() or a.all().
2025-02-19 11:45:57,479 - ERROR - Error processing RL: The truth value of a Series is ambiguous. Use a.empty, a.bool(), a.item(), a.any() or a.all().
2025-02-19 11:45:57,479 - ERROR - Error processing RTX: The truth value of a Series is ambiguous. Use a.empty, a.bool(), a.item(), a.any() or a.all().
2025-02-19 11:45:57,479 - ERROR - Error processing RMD: The truth value of a Series is ambiguous. Use a.empty, a.bool(), a.item(), a.any() or a.all().
2025-02-19 11:45:57,487 - ERROR - Error processing RSG: The truth value of a Series is ambiguous. Use a.empty, a.bool(), a.item(), a.any() or a.all().
2025-02-19 11:45:57,490 - ERROR - Error processing RJF: The truth value of a Series is ambiguous. Use a.empty, a.bool(), a.item(), a.any() or a.all().
2025-02-19 11:45:57,506 - ERROR - Error processing RF: The truth value of a Series is ambiguous. Use a.empty, a.bool(), a.item(), a.any() or a.all().
2025-02-19 11:45:57,508 - ERROR - Error processing ROK: The truth value of a Series is ambiguous. Use a.empty, a.bool(), a.item(), a.any() or a.all().
2025-02-19 11:45:57,553 - ERROR - Error processing SBAC: The truth value of a Series is ambiguous. Use a.empty, a.bool(), a.item(), a.any() or a.all().
2025-02-19 11:45:57,700 - ERROR - Error processing ROP: The truth value of a Series is ambiguous. Use a.empty, a.bool(), a.item(), a.any() or a.all().
2025-02-19 11:45:57,712 - ERROR - Error processing SLB: The truth value of a Series is ambiguous. Use a.empty, a.bool(), a.item(), a.any() or a.all().
2025-02-19 11:45:57,713 - ERROR - Error processing CRM: The truth value of a Series is ambiguous. Use a.empty, a.bool(), a.item(), a.any() or a.all().
2025-02-19 11:45:57,722 - ERROR - Error processing RCL: The truth value of a Series is ambiguous. Use a.empty, a.bool(), a.item(), a.any() or a.all().
2025-02-19 11:45:57,761 - ERROR - Error processing SPG: The truth value of a Series is ambiguous. Use a.empty, a.bool(), a.item(), a.any() or a.all().
2025-02-19 11:45:57,763 - ERROR - Error processing SWKS: The truth value of a Series is ambiguous. Use a.empty, a.bool(), a.item(), a.any() or a.all().
2025-02-19 11:45:57,763 - ERROR - Error processing ROST: The truth value of a Series is ambiguous. Use a.empty, a.bool(), a.item(), a.any() or a.all().
2025-02-19 11:45:57,814 - ERROR - Error processing SPGI: The truth value of a Series is ambiguous. Use a.empty, a.bool(), a.item(), a.any() or a.all().
2025-02-19 11:45:57,823 - ERROR - Error processing SW: The truth value of a Series is ambiguous. Use a.empty, a.bool(), a.item(), a.any() or a.all().
2025-02-19 11:45:57,825 - ERROR - Error processing STX: The truth value of a Series is ambiguous. Use a.empty, a.bool(), a.item(), a.any() or a.all().
2025-02-19 11:45:57,840 - ERROR - Error processing SJM: The truth value of a Series is ambiguous. Use a.empty, a.bool(), a.item(), a.any() or a.all().
2025-02-19 11:45:58,042 - ERROR - Error processing SHW: The truth value of a Series is ambiguous. Use a.empty, a.bool(), a.item(), a.any() or a.all().
2025-02-19 11:45:58,049 - ERROR - Error processing SRE: The truth value of a Series is ambiguous. Use a.empty, a.bool(), a.item(), a.any() or a.all().
2025-02-19 11:45:58,056 - ERROR - Error processing NOW: The truth value of a Series is ambiguous. Use a.empty, a.bool(), a.item(), a.any() or a.all().
2025-02-19 11:45:58,059 - ERROR - Error processing SNA: The truth value of a Series is ambiguous. Use a.empty, a.bool(), a.item(), a.any() or a.all().
2025-02-19 11:45:58,059 - ERROR - Error processing SBUX: The truth value of a Series is ambiguous. Use a.empty, a.bool(), a.item(), a.any() or a.all().
2025-02-19 11:45:58,061 - ERROR - Error processing SO: The truth value of a Series is ambiguous. Use a.empty, a.bool(), a.item(), a.any() or a.all().
2025-02-19 11:45:58,182 - ERROR - Error processing LUV: The truth value of a Series is ambiguous. Use a.empty, a.bool(), a.item(), a.any() or a.all().
2025-02-19 11:45:58,197 - ERROR - Error processing SOLV: The truth value of a Series is ambiguous. Use a.empty, a.bool(), a.item(), a.any() or a.all().
2025-02-19 11:45:58,204 - ERROR - Error processing SYF: The truth value of a Series is ambiguous. Use a.empty, a.bool(), a.item(), a.any() or a.all().
2025-02-19 11:45:58,210 - ERROR - Error processing SMCI: The truth value of a Series is ambiguous. Use a.empty, a.bool(), a.item(), a.any() or a.all().
2025-02-19 11:45:58,210 - ERROR - Error processing SWK: The truth value of a Series is ambiguous. Use a.empty, a.bool(), a.item(), a.any() or a.all().
2025-02-19 11:45:58,223 - ERROR - Error processing STE: The truth value of a Series is ambiguous. Use a.empty, a.bool(), a.item(), a.any() or a.all().
2025-02-19 11:45:58,223 - ERROR - Error processing ROL: The truth value of a Series is ambiguous. Use a.empty, a.bool(), a.item(), a.any() or a.all().
2025-02-19 11:45:58,289 - ERROR - Error processing TPR: The truth value of a Series is ambiguous. Use a.empty, a.bool(), a.item(), a.any() or a.all().
2025-02-19 11:45:58,294 - ERROR - Error processing SNPS: The truth value of a Series is ambiguous. Use a.empty, a.bool(), a.item(), a.any() or a.all().
2025-02-19 11:45:58,298 - ERROR - Error processing TMUS: The truth value of a Series is ambiguous. Use a.empty, a.bool(), a.item(), a.any() or a.all().
2025-02-19 11:45:58,298 - ERROR - Error processing TRGP: The truth value of a Series is ambiguous. Use a.empty, a.bool(), a.item(), a.any() or a.all().
2025-02-19 11:45:58,314 - ERROR - Error processing STT: The truth value of a Series is ambiguous. Use a.empty, a.bool(), a.item(), a.any() or a.all().
2025-02-19 11:45:58,316 - ERROR - Error processing SYY: The truth value of a Series is ambiguous. Use a.empty, a.bool(), a.item(), a.any() or a.all().
2025-02-19 11:45:58,325 - ERROR - Error processing SYK: The truth value of a Series is ambiguous. Use a.empty, a.bool(), a.item(), a.any() or a.all().
2025-02-19 11:45:58,330 - ERROR - Error processing STLD: The truth value of a Series is ambiguous. Use a.empty, a.bool(), a.item(), a.any() or a.all().
2025-02-19 11:45:58,391 - ERROR - Error processing TSLA: The truth value of a Series is ambiguous. Use a.empty, a.bool(), a.item(), a.any() or a.all().
2025-02-19 11:45:58,394 - ERROR - Error processing TEL: The truth value of a Series is ambiguous. Use a.empty, a.bool(), a.item(), a.any() or a.all().
2025-02-19 11:45:58,412 - ERROR - Error processing TROW: The truth value of a Series is ambiguous. Use a.empty, a.bool(), a.item(), a.any() or a.all().
2025-02-19 11:45:58,412 - ERROR - Error processing TDY: The truth value of a Series is ambiguous. Use a.empty, a.bool(), a.item(), a.any() or a.all().
2025-02-19 11:45:58,424 - ERROR - Error processing TGT: The truth value of a Series is ambiguous. Use a.empty, a.bool(), a.item(), a.any() or a.all().
2025-02-19 11:45:58,432 - ERROR - Error processing TTWO: The truth value of a Series is ambiguous. Use a.empty, a.bool(), a.item(), a.any() or a.all().
2025-02-19 11:45:58,506 - ERROR - Error processing TMO: The truth value of a Series is ambiguous. Use a.empty, a.bool(), a.item(), a.any() or a.all().
2025-02-19 11:45:58,516 - ERROR - Error processing TXN: The truth value of a Series is ambiguous. Use a.empty, a.bool(), a.item(), a.any() or a.all().
2025-02-19 11:45:58,521 - ERROR - Error processing TDG: The truth value of a Series is ambiguous. Use a.empty, a.bool(), a.item(), a.any() or a.all().
2025-02-19 11:45:58,521 - ERROR - Error processing TER: The truth value of a Series is ambiguous. Use a.empty, a.bool(), a.item(), a.any() or a.all().
2025-02-19 11:45:58,521 - ERROR - Error processing TSCO: The truth value of a Series is ambiguous. Use a.empty, a.bool(), a.item(), a.any() or a.all().
2025-02-19 11:45:58,537 - ERROR - Error processing TXT: The truth value of a Series is ambiguous. Use a.empty, a.bool(), a.item(), a.any() or a.all().
2025-02-19 11:45:58,537 - ERROR - Error processing TJX: The truth value of a Series is ambiguous. Use a.empty, a.bool(), a.item(), a.any() or a.all().
2025-02-19 11:45:58,537 - ERROR - Error processing TT: The truth value of a Series is ambiguous. Use a.empty, a.bool(), a.item(), a.any() or a.all().
2025-02-19 11:45:58,537 - ERROR - Error processing TFX: The truth value of a Series is ambiguous. Use a.empty, a.bool(), a.item(), a.any() or a.all().
2025-02-19 11:45:58,537 - ERROR - Error processing TPL: The truth value of a Series is ambiguous. Use a.empty, a.bool(), a.item(), a.any() or a.all().
2025-02-19 11:45:58,633 - ERROR - Error processing TFC: The truth value of a Series is ambiguous. Use a.empty, a.bool(), a.item(), a.any() or a.all().
2025-02-19 11:45:58,637 - ERROR - Error processing TRV: The truth value of a Series is ambiguous. Use a.empty, a.bool(), a.item(), a.any() or a.all().
2025-02-19 11:45:58,637 - ERROR - Error processing TRMB: The truth value of a Series is ambiguous. Use a.empty, a.bool(), a.item(), a.any() or a.all().
2025-02-19 11:45:58,637 - ERROR - Error processing UBER: The truth value of a Series is ambiguous. Use a.empty, a.bool(), a.item(), a.any() or a.all().
2025-02-19 11:45:58,637 - ERROR - Error processing TYL: The truth value of a Series is ambiguous. Use a.empty, a.bool(), a.item(), a.any() or a.all().
2025-02-19 11:45:58,648 - ERROR - Error processing UDR: The truth value of a Series is ambiguous. Use a.empty, a.bool(), a.item(), a.any() or a.all().
2025-02-19 11:45:58,648 - ERROR - Error processing UNP: The truth value of a Series is ambiguous. Use a.empty, a.bool(), a.item(), a.any() or a.all().
2025-02-19 11:45:58,648 - ERROR - Error processing TSN: The truth value of a Series is ambiguous. Use a.empty, a.bool(), a.item(), a.any() or a.all().
2025-02-19 11:45:58,648 - ERROR - Error processing USB: The truth value of a Series is ambiguous. Use a.empty, a.bool(), a.item(), a.any() or a.all().
2025-02-19 11:45:58,668 - ERROR - Error processing ULTA: The truth value of a Series is ambiguous. Use a.empty, a.bool(), a.item(), a.any() or a.all().
2025-02-19 11:45:58,696 - ERROR - Error processing VLO: The truth value of a Series is ambiguous. Use a.empty, a.bool(), a.item(), a.any() or a.all().
2025-02-19 11:45:58,703 - ERROR - Error processing URI: The truth value of a Series is ambiguous. Use a.empty, a.bool(), a.item(), a.any() or a.all().
2025-02-19 11:45:58,838 - ERROR - Error processing VRSK: The truth value of a Series is ambiguous. Use a.empty, a.bool(), a.item(), a.any() or a.all().
2025-02-19 11:45:58,858 - ERROR - Error processing UAL: The truth value of a Series is ambiguous. Use a.empty, a.bool(), a.item(), a.any() or a.all().
2025-02-19 11:45:58,858 - ERROR - Error processing UPS: The truth value of a Series is ambiguous. Use a.empty, a.bool(), a.item(), a.any() or a.all().
2025-02-19 11:45:58,858 - ERROR - Error processing UHS: The truth value of a Series is ambiguous. Use a.empty, a.bool(), a.item(), a.any() or a.all().
2025-02-19 11:45:58,858 - ERROR - Error processing VTR: The truth value of a Series is ambiguous. Use a.empty, a.bool(), a.item(), a.any() or a.all().
2025-02-19 11:45:58,858 - ERROR - Error processing VRSN: The truth value of a Series is ambiguous. Use a.empty, a.bool(), a.item(), a.any() or a.all().
2025-02-19 11:45:58,858 - ERROR - Error processing VLTO: The truth value of a Series is ambiguous. Use a.empty, a.bool(), a.item(), a.any() or a.all().
2025-02-19 11:45:58,858 - ERROR - Error processing VZ: The truth value of a Series is ambiguous. Use a.empty, a.bool(), a.item(), a.any() or a.all().
2025-02-19 11:45:58,858 - ERROR - Error processing UNH: The truth value of a Series is ambiguous. Use a.empty, a.bool(), a.item(), a.any() or a.all().
2025-02-19 11:45:58,869 - ERROR - Error processing VRTX: The truth value of a Series is ambiguous. Use a.empty, a.bool(), a.item(), a.any() or a.all().
2025-02-19 11:45:59,026 - ERROR - Error processing WAB: The truth value of a Series is ambiguous. Use a.empty, a.bool(), a.item(), a.any() or a.all().
2025-02-19 11:45:59,041 - ERROR - Error processing WRB: The truth value of a Series is ambiguous. Use a.empty, a.bool(), a.item(), a.any() or a.all().
2025-02-19 11:45:59,044 - ERROR - Error processing V: The truth value of a Series is ambiguous. Use a.empty, a.bool(), a.item(), a.any() or a.all().
2025-02-19 11:45:59,044 - ERROR - Error processing WMT: The truth value of a Series is ambiguous. Use a.empty, a.bool(), a.item(), a.any() or a.all().
2025-02-19 11:45:59,056 - ERROR - Error processing VMC: The truth value of a Series is ambiguous. Use a.empty, a.bool(), a.item(), a.any() or a.all().
2025-02-19 11:45:59,062 - ERROR - Error processing WBA: The truth value of a Series is ambiguous. Use a.empty, a.bool(), a.item(), a.any() or a.all().
2025-02-19 11:45:59,066 - ERROR - Error processing VST: The truth value of a Series is ambiguous. Use a.empty, a.bool(), a.item(), a.any() or a.all().
2025-02-19 11:45:59,066 - ERROR - Error processing VTRS: The truth value of a Series is ambiguous. Use a.empty, a.bool(), a.item(), a.any() or a.all().
2025-02-19 11:45:59,076 - ERROR - Error processing VICI: The truth value of a Series is ambiguous. Use a.empty, a.bool(), a.item(), a.any() or a.all().
2025-02-19 11:45:59,076 - ERROR - Error processing GWW: The truth value of a Series is ambiguous. Use a.empty, a.bool(), a.item(), a.any() or a.all().
2025-02-19 11:45:59,127 - ERROR - Error processing WM: The truth value of a Series is ambiguous. Use a.empty, a.bool(), a.item(), a.any() or a.all().
2025-02-19 11:45:59,179 - ERROR - Error processing WAT: The truth value of a Series is ambiguous. Use a.empty, a.bool(), a.item(), a.any() or a.all().
2025-02-19 11:45:59,192 - ERROR - Error processing WY: The truth value of a Series is ambiguous. Use a.empty, a.bool(), a.item(), a.any() or a.all().
2025-02-19 11:45:59,192 - ERROR - Error processing WST: The truth value of a Series is ambiguous. Use a.empty, a.bool(), a.item(), a.any() or a.all().
2025-02-19 11:45:59,207 - ERROR - Error processing DIS: The truth value of a Series is ambiguous. Use a.empty, a.bool(), a.item(), a.any() or a.all().
2025-02-19 11:45:59,207 - ERROR - Error processing WFC: The truth value of a Series is ambiguous. Use a.empty, a.bool(), a.item(), a.any() or a.all().
2025-02-19 11:45:59,207 - ERROR - Error processing WELL: The truth value of a Series is ambiguous. Use a.empty, a.bool(), a.item(), a.any() or a.all().
2025-02-19 11:45:59,207 - ERROR - Error processing WDC: The truth value of a Series is ambiguous. Use a.empty, a.bool(), a.item(), a.any() or a.all().
2025-02-19 11:45:59,207 - ERROR - Error processing WEC: The truth value of a Series is ambiguous. Use a.empty, a.bool(), a.item(), a.any() or a.all().
2025-02-19 11:45:59,219 - ERROR - Error processing WBD: The truth value of a Series is ambiguous. Use a.empty, a.bool(), a.item(), a.any() or a.all().
2025-02-19 11:45:59,236 - ERROR - Error processing WMB: The truth value of a Series is ambiguous. Use a.empty, a.bool(), a.item(), a.any() or a.all().
2025-02-19 11:45:59,372 - ERROR - Error processing ZBRA: The truth value of a Series is ambiguous. Use a.empty, a.bool(), a.item(), a.any() or a.all().
2025-02-19 11:45:59,372 - ERROR - Error processing YUM: The truth value of a Series is ambiguous. Use a.empty, a.bool(), a.item(), a.any() or a.all().
2025-02-19 11:45:59,458 - ERROR - Error processing WYNN: The truth value of a Series is ambiguous. Use a.empty, a.bool(), a.item(), a.any() or a.all().
2025-02-19 11:45:59,473 - ERROR - Error processing ZBH: The truth value of a Series is ambiguous. Use a.empty, a.bool(), a.item(), a.any() or a.all().
2025-02-19 11:45:59,473 - ERROR - Error processing WTW: The truth value of a Series is ambiguous. Use a.empty, a.bool(), a.item(), a.any() or a.all().
2025-02-19 11:45:59,493 - ERROR - Error processing ZTS: The truth value of a Series is ambiguous. Use a.empty, a.bool(), a.item(), a.any() or a.all().
2025-02-19 11:45:59,498 - ERROR - Error processing XYL: The truth value of a Series is ambiguous. Use a.empty, a.bool(), a.item(), a.any() or a.all().
2025-02-19 11:45:59,498 - ERROR - Error processing WDAY: The truth value of a Series is ambiguous. Use a.empty, a.bool(), a.item(), a.any() or a.all().
2025-02-19 11:45:59,602 - ERROR - Error processing XEL: The truth value of a Series is ambiguous. Use a.empty, a.bool(), a.item(), a.any() or a.all().
2025-02-19 11:45:59,607 - WARNING - No stocks found matching the RSI criteria.
2025-02-19 11:46:04,365 - ERROR - Could not get exchangeTimezoneName for ticker 'ETR' reason: 'chart'
2025-02-19 11:46:13,385 - ERROR - Could not get exchangeTimezoneName for ticker 'LEN' reason: 'chart'
2025-02-19 11:46:29,783 - WARNING - Connection pool is full, discarding connection: query2.finance.yahoo.com. Connection pool size: 10
2025-02-19 11:46:33,952 - WARNING - Connection pool is full, discarding connection: query2.finance.yahoo.com. Connection pool size: 10
